<?xml version="1.0" encoding="UTF-8" ?>
<testsuite tests="26" failures="0" name="TestSuite" time="399.019" errors="0" skipped="0">
  <properties>
    <property name="java.runtime.name" value="Java(TM) SE Runtime Environment"/>
    <property name="sun.boot.library.path" value="C:\Program Files\Java\jdk1.8.0_20\jre\bin"/>
    <property name="java.vm.version" value="25.20-b23"/>
    <property name="java.vm.vendor" value="Oracle Corporation"/>
    <property name="java.vendor.url" value="http://java.oracle.com/"/>
    <property name="path.separator" value=";"/>
    <property name="guice.disable.misplaced.annotation.check" value="true"/>
    <property name="java.vm.name" value="Java HotSpot(TM) Client VM"/>
    <property name="file.encoding.pkg" value="sun.io"/>
    <property name="user.script" value=""/>
    <property name="user.country" value="US"/>
    <property name="sun.java.launcher" value="SUN_STANDARD"/>
    <property name="sun.os.patch.level" value=""/>
    <property name="java.vm.specification.name" value="Java Virtual Machine Specification"/>
    <property name="user.dir" value="D:\Automation\Workspace_Selenium_Final\SDFQA"/>
    <property name="java.runtime.version" value="1.8.0_20-b26"/>
    <property name="java.awt.graphicsenv" value="sun.awt.Win32GraphicsEnvironment"/>
    <property name="java.endorsed.dirs" value="C:\Program Files\Java\jdk1.8.0_20\jre\lib\endorsed"/>
    <property name="os.arch" value="x86"/>
    <property name="java.io.tmpdir" value="C:\Users\Admin\AppData\Local\Temp\"/>
    <property name="SuiteFile" value="TestSenthil.xml"/>
    <property name="line.separator" value="
"/>
    <property name="java.vm.specification.vendor" value="Oracle Corporation"/>
    <property name="user.variant" value=""/>
    <property name="os.name" value="Windows 7"/>
    <property name="classworlds.conf" value="D:\Automation\Workspace_Selenium_Final\.metadata\.plugins\org.eclipse.m2e.launching\launches\m2conf8372542219773212034.tmp"/>
    <property name="sun.jnu.encoding" value="Cp1252"/>
    <property name="java.library.path" value="C:\Program Files\Java\jdk1.8.0_20\bin;C:\Windows\Sun\Java\bin;C:\Windows\system32;C:\Windows;C:/Program Files/Java/jre1.8.0_20/bin/client;C:/Program Files/Java/jre1.8.0_20/bin;C:/Program Files/Java/jre1.8.0_20/lib/i386;C:\ProgramData\Oracle\Java\javapath;C:\Windows\system32;C:\Windows;C:\Windows\System32\Wbem;C:\Windows\System32\WindowsPowerShell\v1.0\;C:\Program Files\Java\jdk1.8.0_20\bin;D:\apache-ant-1.9.4\bin;C:\apache-maven-3.3.3\bin;C:\Program Files\Skype\Phone\;C:\Program Files\TortoiseGit\bin;D:\eclipse-java-luna-SR1-win32\eclipse;;."/>
    <property name="java.specification.name" value="Java Platform API Specification"/>
    <property name="java.class.version" value="52.0"/>
    <property name="sun.management.compiler" value="HotSpot Client Compiler"/>
    <property name="os.version" value="6.1"/>
    <property name="user.home" value="C:\Users\Admin"/>
    <property name="user.timezone" value="Asia/Calcutta"/>
    <property name="java.awt.printerjob" value="sun.awt.windows.WPrinterJob"/>
    <property name="java.specification.version" value="1.8"/>
    <property name="file.encoding" value="Cp1252"/>
    <property name="user.name" value="Admin"/>
    <property name="java.class.path" value="/D:/eclipse-java-luna-SR1-win32/eclipse/plugins/org.eclipse.m2e.maven.runtime_1.5.0.20140605-2032/jars/plexus-classworlds-2.5.1.jar"/>
    <property name="org.slf4j.simpleLogger.defaultLogLevel" value="info"/>
    <property name="java.vm.specification.version" value="1.8"/>
    <property name="sun.arch.data.model" value="32"/>
    <property name="java.home" value="C:\Program Files\Java\jdk1.8.0_20\jre"/>
    <property name="sun.java.command" value="org.codehaus.plexus.classworlds.launcher.Launcher -B install -DSuiteFile=TestSenthil.xml"/>
    <property name="java.specification.vendor" value="Oracle Corporation"/>
    <property name="user.language" value="en"/>
    <property name="awt.toolkit" value="sun.awt.windows.WToolkit"/>
    <property name="java.vm.info" value="mixed mode, sharing"/>
    <property name="java.version" value="1.8.0_20"/>
    <property name="java.ext.dirs" value="C:\Program Files\Java\jdk1.8.0_20\jre\lib\ext;C:\Windows\Sun\Java\lib\ext"/>
    <property name="sun.boot.class.path" value="C:\Program Files\Java\jdk1.8.0_20\jre\lib\resources.jar;C:\Program Files\Java\jdk1.8.0_20\jre\lib\rt.jar;C:\Program Files\Java\jdk1.8.0_20\jre\lib\sunrsasign.jar;C:\Program Files\Java\jdk1.8.0_20\jre\lib\jsse.jar;C:\Program Files\Java\jdk1.8.0_20\jre\lib\jce.jar;C:\Program Files\Java\jdk1.8.0_20\jre\lib\charsets.jar;C:\Program Files\Java\jdk1.8.0_20\jre\lib\jfr.jar;C:\Program Files\Java\jdk1.8.0_20\jre\classes"/>
    <property name="java.vendor" value="Oracle Corporation"/>
    <property name="maven.home" value="D:\Automation\Workspace_Selenium_Final\SDFQA\EMBEDDED"/>
    <property name="file.separator" value="\"/>
    <property name="java.vendor.url.bug" value="http://bugreport.sun.com/bugreport/"/>
    <property name="sun.cpu.endian" value="little"/>
    <property name="sun.io.unicode.encoding" value="UnicodeLittle"/>
    <property name="sun.desktop" value="windows"/>
    <property name="sun.cpu.isalist" value=""/>
  </properties>
  <testcase classname="com.st.test.SearchPageTest" name="popUpClose" time="0.805"/>
  <testcase classname="com.st.test.SearchPageTest" name="verifySearchSection" time="0.654"/>
  <testcase classname="com.st.test.SearchPageTest" name="verifySearchByLocationField" time="18.487"/>
  <testcase classname="com.st.test.SearchPageTest" name="verifySearchByExperienceField" time="25.05"/>
  <testcase classname="com.st.test.SearchPageTest" name="verifySearchBySkill" time="14.987"/>
  <testcase classname="com.st.test.SearchPageTest" name="verifySearchResultsPage" time="3.817"/>
  <testcase classname="com.st.test.SearchPageTest" name="verifyRefineResultsSection" time="0.599"/>
  <testcase classname="com.st.test.SearchPageTest" name="verifySearchListingViewResults" time="8.974"/>
  <testcase classname="com.st.test.SearchPageTest" name="verifySearchDetailedViewResults" time="10.654"/>
  <testcase classname="com.st.test.SearchPageTest" name="verifySearchResultsSection" time="0.993"/>
  <testcase classname="com.st.test.SearchPageTest" name="verifyRefineByFreshness" time="11.814"/>
  <testcase classname="com.st.test.SearchPageTest" name="verifySearchByLocationSection" time="13.617"/>
  <testcase classname="com.st.test.SearchPageTest" name="verifyRefineByLocationPopUp" time="29.914"/>
  <testcase classname="com.st.test.SearchPageTest" name="verifyRefineByIndustryType" time="31.282"/>
  <testcase classname="com.st.test.SearchPageTest" name="verifyRefineByIndustryPopUp" time="34.973"/>
  <testcase classname="com.st.test.SearchPageTest" name="verifyRefineByEducation" time="24.399"/>
  <testcase classname="com.st.test.SearchPageTest" name="verifyRefineByEducationPopUp" time="38.853"/>
  <testcase classname="com.st.test.RegisterPageTest" name="popUpClose" time="0.749"/>
  <testcase classname="com.st.test.RegisterPageTest" name="verifyRegistrationPage" time="14.203"/>
  <testcase classname="com.st.test.RegisterPageTest" name="verifyCreateLoginDetails" time="28.348"/>
  <testcase classname="com.st.test.RegisterPageTest" name="verifyYourContactInformation" time="9.272"/>
  <testcase classname="com.st.test.RegisterPageTest" name="verifyYourCurrentEmploymentDetails" time="27.211"/>
  <testcase classname="com.st.test.RegisterPageTest" name="verifyCompleteMyProfilePage" time="7.148"/>
  <testcase classname="com.st.test.RegisterPageTest" name="verifyEducationDetails" time="16.195"/>
  <testcase classname="com.st.test.RegisterPageTest" name="verifyCompleteMyProfile" time="7.896"/>
  <testcase classname="com.st.test.RegisterPageTest" name="verifyCreateYourJobAlert" time="18.125"/>
</testsuite>