<?xml version="1.0" encoding="UTF-8"?>
<!-- Generated by org.testng.reporters.JUnitReportReporter -->
<testsuite hostname="Admin-PC" name="com.st.test.RegisterPageTest" tests="9" failures="0" timestamp="23 Aug 2015 16:37:30 GMT" time="129.143" errors="0">
  <testcase name="verifyEducationDetails" time="16.186" classname="com.st.test.RegisterPageTest"/>
  <testcase name="verifyCreateLoginDetails" time="28.339" classname="com.st.test.RegisterPageTest"/>
  <testcase name="popUpClose" time="0.750" classname="com.st.test.RegisterPageTest"/>
  <testcase name="verifyCompleteMyProfile" time="7.902" classname="com.st.test.RegisterPageTest"/>
  <testcase name="verifyCreateYourJobAlert" time="18.128" classname="com.st.test.RegisterPageTest"/>
  <testcase name="verifyRegistrationPage" time="14.203" classname="com.st.test.RegisterPageTest"/>
  <testcase name="verifyCompleteMyProfilePage" time="7.164" classname="com.st.test.RegisterPageTest"/>
  <testcase name="verifyYourContactInformation" time="9.275" classname="com.st.test.RegisterPageTest"/>
  <testcase name="verifyYourCurrentEmploymentDetails" time="27.196" classname="com.st.test.RegisterPageTest"/>
</testsuite> <!-- com.st.test.RegisterPageTest -->
